2010-09-10T15:34:30+00:00 WARN (4): exception 'Engine_Package_Manager_Exception' with message 'Unable to decode response body: ' in E:\MOM\SE403\application\libraries\Engine\Package\Manager\Repository.php:427
Stack trace:
#0 E:\MOM\SE403\application\libraries\Engine\Package\Manager\Repository.php(235): Engine_Package_Manager_Repository->_processResponse('')
#1 E:\MOM\SE403\install\controllers\ManageController.php(118): Engine_Package_Manager_Repository->queryList()
#2 E:\MOM\SE403\application\libraries\Zend\Controller\Action.php(513): ManageController->indexAction()
#3 E:\MOM\SE403\application\libraries\Zend\Controller\Dispatcher\Standard.php(289): Zend_Controller_Action->dispatch('indexAction')
#4 E:\MOM\SE403\application\libraries\Zend\Controller\Front.php(946): Zend_Controller_Dispatcher_Standard->dispatch(Object(Zend_Controller_Request_Http), Object(Zend_Controller_Response_Http))
#5 E:\MOM\SE403\application\libraries\Zend\Application\Bootstrap\Bootstrap.php(77): Zend_Controller_Front->dispatch()
#6 E:\MOM\SE403\application\libraries\Zend\Application.php(358): Zend_Application_Bootstrap_Bootstrap->run()
#7 E:\MOM\SE403\install\index.php(74): Zend_Application->run()
#8 {main}
2010-09-10T15:34:46+00:00 WARN (4): exception 'Engine_Package_Manager_Exception' with message 'Unable to decode response body: ' in E:\MOM\SE403\application\libraries\Engine\Package\Manager\Repository.php:427
Stack trace:
#0 E:\MOM\SE403\application\libraries\Engine\Package\Manager\Repository.php(235): Engine_Package_Manager_Repository->_processResponse('')
#1 E:\MOM\SE403\install\controllers\ManageController.php(118): Engine_Package_Manager_Repository->queryList()
#2 E:\MOM\SE403\application\libraries\Zend\Controller\Action.php(513): ManageController->indexAction()
#3 E:\MOM\SE403\application\libraries\Zend\Controller\Dispatcher\Standard.php(289): Zend_Controller_Action->dispatch('indexAction')
#4 E:\MOM\SE403\application\libraries\Zend\Controller\Front.php(946): Zend_Controller_Dispatcher_Standard->dispatch(Object(Zend_Controller_Request_Http), Object(Zend_Controller_Response_Http))
#5 E:\MOM\SE403\application\libraries\Zend\Application\Bootstrap\Bootstrap.php(77): Zend_Controller_Front->dispatch()
#6 E:\MOM\SE403\application\libraries\Zend\Application.php(358): Zend_Application_Bootstrap_Bootstrap->run()
#7 E:\MOM\SE403\install\index.php(74): Zend_Application->run()
#8 {main}
2010-09-10T15:34:50+00:00 WARN (4): exception 'Engine_Package_Manager_Exception' with message 'Unable to decode response body: ' in E:\MOM\SE403\application\libraries\Engine\Package\Manager\Repository.php:427
Stack trace:
#0 E:\MOM\SE403\application\libraries\Engine\Package\Manager\Repository.php(235): Engine_Package_Manager_Repository->_processResponse('')
#1 E:\MOM\SE403\install\controllers\ManageController.php(118): Engine_Package_Manager_Repository->queryList()
#2 E:\MOM\SE403\application\libraries\Zend\Controller\Action.php(513): ManageController->indexAction()
#3 E:\MOM\SE403\application\libraries\Zend\Controller\Dispatcher\Standard.php(289): Zend_Controller_Action->dispatch('indexAction')
#4 E:\MOM\SE403\application\libraries\Zend\Controller\Front.php(946): Zend_Controller_Dispatcher_Standard->dispatch(Object(Zend_Controller_Request_Http), Object(Zend_Controller_Response_Http))
#5 E:\MOM\SE403\application\libraries\Zend\Application\Bootstrap\Bootstrap.php(77): Zend_Controller_Front->dispatch()
#6 E:\MOM\SE403\application\libraries\Zend\Application.php(358): Zend_Application_Bootstrap_Bootstrap->run()
#7 E:\MOM\SE403\install\index.php(74): Zend_Application->run()
#8 {main}
2010-09-10T15:37:54+00:00 WARN (4): exception 'Engine_Package_Manager_Exception' with message 'Unable to decode response body: ' in E:\MOM\SE403\application\libraries\Engine\Package\Manager\Repository.php:427
Stack trace:
#0 E:\MOM\SE403\application\libraries\Engine\Package\Manager\Repository.php(235): Engine_Package_Manager_Repository->_processResponse('')
#1 E:\MOM\SE403\install\controllers\ManageController.php(118): Engine_Package_Manager_Repository->queryList()
#2 E:\MOM\SE403\application\libraries\Zend\Controller\Action.php(513): ManageController->indexAction()
#3 E:\MOM\SE403\application\libraries\Zend\Controller\Dispatcher\Standard.php(289): Zend_Controller_Action->dispatch('indexAction')
#4 E:\MOM\SE403\application\libraries\Zend\Controller\Front.php(946): Zend_Controller_Dispatcher_Standard->dispatch(Object(Zend_Controller_Request_Http), Object(Zend_Controller_Response_Http))
#5 E:\MOM\SE403\application\libraries\Zend\Application\Bootstrap\Bootstrap.php(77): Zend_Controller_Front->dispatch()
#6 E:\MOM\SE403\application\libraries\Zend\Application.php(358): Zend_Application_Bootstrap_Bootstrap->run()
#7 E:\MOM\SE403\install\index.php(74): Zend_Application->run()
#8 {main}
