2010-09-05T14:37:28+00:00 NOTICE (5): Untranslated message within 'en': &nbsp;
2010-09-06T06:05:57+00:00 NOTICE (5): Untranslated message within 'en': &nbsp;
2010-09-06T06:06:15+00:00 NOTICE (5): Untranslated message within 'en': 1 Member Online
2010-09-06T06:06:16+00:00 NOTICE (5): Untranslated message within 'en': Next
2010-09-06T06:06:22+00:00 NOTICE (5): Untranslated message within 'en': Your community is currently in %s mode.
2010-09-06T06:06:22+00:00 NOTICE (5): Untranslated message within 'en': Most error messages are shown and caching is disabled. Changes to your CSS, theme, or view scripts will appear immediately, but your system may run more slowly. Only use this mode when making changes or troubleshooting.
2010-09-06T06:06:45+00:00 NOTICE (5): Untranslated message within 'en': Your community is currently in %s mode.
2010-09-06T06:06:45+00:00 NOTICE (5): Untranslated message within 'en': Most error messages are shown and caching is disabled. Changes to your CSS, theme, or view scripts will appear immediately, but your system may run more slowly. Only use this mode when making changes or troubleshooting.
2010-09-10T15:34:01+00:00 NOTICE (5): Untranslated message within 'en': &nbsp;
2010-09-10T15:34:15+00:00 NOTICE (5): Untranslated message within 'en': 1 Member Online
2010-09-10T15:34:16+00:00 NOTICE (5): Untranslated message within 'en': Next
2010-09-10T15:34:20+00:00 NOTICE (5): Untranslated message within 'en': Your community is currently in %s mode.
2010-09-10T15:34:20+00:00 NOTICE (5): Untranslated message within 'en': Most error messages are shown and caching is disabled. Changes to your CSS, theme, or view scripts will appear immediately, but your system may run more slowly. Only use this mode when making changes or troubleshooting.
2010-09-10T15:37:57+00:00 NOTICE (5): Untranslated message within 'en': Your community is currently in %s mode.
2010-09-10T15:37:57+00:00 NOTICE (5): Untranslated message within 'en': Most error messages are shown and caching is disabled. Changes to your CSS, theme, or view scripts will appear immediately, but your system may run more slowly. Only use this mode when making changes or troubleshooting.
2010-09-10T15:38:10+00:00 NOTICE (5): Untranslated message within 'en': 1 Member Online
2010-09-11T13:43:49+00:00 NOTICE (5): Untranslated message within 'en': &nbsp;
2010-09-11T13:44:28+00:00 NOTICE (5): Untranslated message within 'en': &nbsp;
2010-09-11T13:45:26+00:00 NOTICE (5): Untranslated message within 'en': &nbsp;
2010-09-11T13:46:48+00:00 NOTICE (5): Untranslated message within 'en': &nbsp;
2010-09-11T13:52:56+00:00 NOTICE (5): Untranslated message within 'en': &nbsp;
2010-09-11T13:53:49+00:00 NOTICE (5): Untranslated message within 'en': &nbsp;
2010-09-11T13:55:09+00:00 NOTICE (5): Untranslated message within 'en': <label>Price</label>
2010-09-11T13:55:19+00:00 NOTICE (5): Untranslated message within 'en': &nbsp;
2010-09-11T13:55:19+00:00 NOTICE (5): Untranslated message within 'en': If you already have an account, please enter your details below. If you don't have one yet, please <a href='/signup'>sign up</a> first.
2010-09-11T13:55:26+00:00 NOTICE (5): Untranslated message within 'en': Everyone's Events
2010-09-11T13:55:26+00:00 NOTICE (5): Untranslated message within 'en': Only My Friends' Events
2010-09-14T05:40:43+00:00 NOTICE (5): Untranslated message within 'en': &nbsp;
2010-09-14T05:41:05+00:00 NOTICE (5): Untranslated message within 'en': &nbsp;
2010-09-14T05:45:23+00:00 NOTICE (5): Untranslated message within 'en': &nbsp;
2010-09-14T05:45:23+00:00 NOTICE (5): Untranslated message within 'en': Contests
2010-09-14T05:45:23+00:00 NOTICE (5): Untranslated message within 'en': Answers
2010-09-14T05:45:23+00:00 NOTICE (5): Untranslated message within 'en': Recipes
2010-09-14T05:46:07+00:00 NOTICE (5): Untranslated message within 'en': 1 Member Online
2010-09-14T05:46:07+00:00 NOTICE (5): Untranslated message within 'en': Contests
2010-09-14T05:46:07+00:00 NOTICE (5): Untranslated message within 'en': Answers
2010-09-14T05:46:07+00:00 NOTICE (5): Untranslated message within 'en': Recipes
2010-09-14T05:46:13+00:00 NOTICE (5): Untranslated message within 'en': Your community is currently in %s mode.
2010-09-14T05:46:13+00:00 NOTICE (5): Untranslated message within 'en': Most error messages are shown and caching is disabled. Changes to your CSS, theme, or view scripts will appear immediately, but your system may run more slowly. Only use this mode when making changes or troubleshooting.
2010-09-14T05:46:16+00:00 NOTICE (5): Untranslated message within 'en': Answers
2010-09-14T05:46:16+00:00 NOTICE (5): Untranslated message within 'en': Contests
2010-09-14T05:46:16+00:00 NOTICE (5): Untranslated message within 'en': Recipes
2010-09-14T05:46:24+00:00 NOTICE (5): Untranslated message within 'en': Contests
2010-09-14T05:46:24+00:00 NOTICE (5): Untranslated message within 'en': Answers
2010-09-14T05:46:24+00:00 NOTICE (5): Untranslated message within 'en': Recipes
2010-09-14T05:46:24+00:00 NOTICE (5): Untranslated message within 'en': Answers
2010-09-14T05:46:24+00:00 NOTICE (5): Untranslated message within 'en': Contests
2010-09-14T05:46:24+00:00 NOTICE (5): Untranslated message within 'en': Recipes
2010-09-14T05:46:28+00:00 NOTICE (5): Untranslated message within 'en': &nbsp;
2010-09-14T05:46:28+00:00 NOTICE (5): Untranslated message within 'en': &nbsp;
2010-09-14T05:46:36+00:00 NOTICE (5): Untranslated message within 'en': Changes saved!
2010-09-14T05:46:41+00:00 NOTICE (5): Untranslated message within 'en': &nbsp;
2010-09-14T05:46:41+00:00 NOTICE (5): Untranslated message within 'en': &nbsp;
2010-09-14T05:46:52+00:00 NOTICE (5): Untranslated message within 'en': Changes saved!
2010-09-14T05:47:52+00:00 NOTICE (5): Untranslated message within 'en': Changing to this layout will cause %s area(s) containing widgets to be destroyed. Are you sure you want to continue?
2010-09-14T05:47:52+00:00 NOTICE (5): Untranslated message within 'en': Are you sure you want to delete this page?
2010-09-14T05:47:52+00:00 NOTICE (5): Untranslated message within 'en': Answers
2010-09-14T05:47:52+00:00 NOTICE (5): Untranslated message within 'en': Profile Answers
2010-09-14T05:47:52+00:00 NOTICE (5): Untranslated message within 'en': Event Profile Options
2010-09-14T05:47:52+00:00 NOTICE (5): Untranslated message within 'en': Recipes
2010-09-14T05:47:52+00:00 NOTICE (5): Untranslated message within 'en': Profile Recipes
2010-09-14T05:47:52+00:00 NOTICE (5): Untranslated message within 'en': Todays Recipe
2010-09-14T05:47:52+00:00 NOTICE (5): Untranslated message within 'en': Widgets
2010-09-14T05:47:52+00:00 NOTICE (5): Untranslated message within 'en': RSS
2010-09-14T05:47:52+00:00 NOTICE (5): Untranslated message within 'en': Weather
2010-09-14T05:47:52+00:00 NOTICE (5): Untranslated message within 'en': Answers
2010-09-14T05:47:52+00:00 NOTICE (5): Untranslated message within 'en': Contests
2010-09-14T05:47:52+00:00 NOTICE (5): Untranslated message within 'en': Recipes
2010-09-14T05:48:04+00:00 NOTICE (5): Untranslated message within 'en': Answers
2010-09-14T05:48:04+00:00 NOTICE (5): Untranslated message within 'en': Contests
2010-09-14T05:48:04+00:00 NOTICE (5): Untranslated message within 'en': Recipes
2010-09-14T05:48:13+00:00 NOTICE (5): Untranslated message within 'en': Answers
2010-09-14T05:48:13+00:00 NOTICE (5): Untranslated message within 'en': Contests
2010-09-14T05:48:13+00:00 NOTICE (5): Untranslated message within 'en': Recipes
2010-09-14T05:48:28+00:00 NOTICE (5): Untranslated message within 'en': 1 Member Online
2010-09-14T05:48:28+00:00 NOTICE (5): Untranslated message within 'en': Contests
2010-09-14T05:48:28+00:00 NOTICE (5): Untranslated message within 'en': Answers
2010-09-14T05:48:28+00:00 NOTICE (5): Untranslated message within 'en': Mom Opinions
2010-09-14T05:48:28+00:00 NOTICE (5): Untranslated message within 'en': Recipes
2010-09-14T05:48:44+00:00 NOTICE (5): Untranslated message within 'en': Changing to this layout will cause %s area(s) containing widgets to be destroyed. Are you sure you want to continue?
2010-09-14T05:48:44+00:00 NOTICE (5): Untranslated message within 'en': Are you sure you want to delete this page?
2010-09-14T05:48:45+00:00 NOTICE (5): Untranslated message within 'en': Answers
2010-09-14T05:48:45+00:00 NOTICE (5): Untranslated message within 'en': Profile Answers
2010-09-14T05:48:45+00:00 NOTICE (5): Untranslated message within 'en': Event Profile Options
2010-09-14T05:48:45+00:00 NOTICE (5): Untranslated message within 'en': Recipes
2010-09-14T05:48:45+00:00 NOTICE (5): Untranslated message within 'en': Profile Recipes
2010-09-14T05:48:45+00:00 NOTICE (5): Untranslated message within 'en': Todays Recipe
2010-09-14T05:48:45+00:00 NOTICE (5): Untranslated message within 'en': Widgets
2010-09-14T05:48:45+00:00 NOTICE (5): Untranslated message within 'en': RSS
2010-09-14T05:48:45+00:00 NOTICE (5): Untranslated message within 'en': Weather
2010-09-14T05:48:45+00:00 NOTICE (5): Untranslated message within 'en': Answers
2010-09-14T05:48:45+00:00 NOTICE (5): Untranslated message within 'en': Contests
2010-09-14T05:48:45+00:00 NOTICE (5): Untranslated message within 'en': Recipes
2010-09-14T05:48:49+00:00 NOTICE (5): Untranslated message within 'en': Changing to this layout will cause %s area(s) containing widgets to be destroyed. Are you sure you want to continue?
2010-09-14T05:48:49+00:00 NOTICE (5): Untranslated message within 'en': Are you sure you want to delete this page?
2010-09-14T05:48:49+00:00 NOTICE (5): Untranslated message within 'en': Answers
2010-09-14T05:48:49+00:00 NOTICE (5): Untranslated message within 'en': Profile Answers
2010-09-14T05:48:49+00:00 NOTICE (5): Untranslated message within 'en': Event Profile Options
2010-09-14T05:48:49+00:00 NOTICE (5): Untranslated message within 'en': Recipes
2010-09-14T05:48:49+00:00 NOTICE (5): Untranslated message within 'en': Profile Recipes
2010-09-14T05:48:49+00:00 NOTICE (5): Untranslated message within 'en': Todays Recipe
2010-09-14T05:48:49+00:00 NOTICE (5): Untranslated message within 'en': Widgets
2010-09-14T05:48:49+00:00 NOTICE (5): Untranslated message within 'en': RSS
2010-09-14T05:48:49+00:00 NOTICE (5): Untranslated message within 'en': Weather
2010-09-14T05:48:50+00:00 NOTICE (5): Untranslated message within 'en': Answers
2010-09-14T05:48:50+00:00 NOTICE (5): Untranslated message within 'en': Contests
2010-09-14T05:48:50+00:00 NOTICE (5): Untranslated message within 'en': Recipes
2010-09-14T05:48:53+00:00 NOTICE (5): Untranslated message within 'en': Text-only (No logo)
2010-09-14T05:48:53+00:00 NOTICE (5): Untranslated message within 'en': Text-only (No logo)
2010-09-14T05:48:53+00:00 NOTICE (5): Untranslated message within 'en': Shows your site-wide main logo or title.  IIImages are uploaded via the File Media Manager.
2010-09-14T05:49:09+00:00 NOTICE (5): Untranslated message within 'en': An unknown error has occurred.
2010-09-14T05:49:09+00:00 NOTICE (5): Untranslated message within 'en': rename
2010-09-14T05:49:09+00:00 NOTICE (5): Untranslated message within 'en': Answers
2010-09-14T05:49:09+00:00 NOTICE (5): Untranslated message within 'en': Contests
2010-09-14T05:49:09+00:00 NOTICE (5): Untranslated message within 'en': Recipes
2010-09-14T05:50:27+00:00 NOTICE (5): Untranslated message within 'en': An unknown error has occurred.
2010-09-14T05:50:27+00:00 NOTICE (5): Untranslated message within 'en': rename
2010-09-14T05:50:27+00:00 NOTICE (5): Untranslated message within 'en': rename
2010-09-14T05:50:27+00:00 NOTICE (5): Untranslated message within 'en': Answers
2010-09-14T05:50:27+00:00 NOTICE (5): Untranslated message within 'en': Contests
2010-09-14T05:50:27+00:00 NOTICE (5): Untranslated message within 'en': Recipes
2010-09-14T05:50:31+00:00 NOTICE (5): Untranslated message within 'en': Changing to this layout will cause %s area(s) containing widgets to be destroyed. Are you sure you want to continue?
2010-09-14T05:50:31+00:00 NOTICE (5): Untranslated message within 'en': Are you sure you want to delete this page?
2010-09-14T05:50:31+00:00 NOTICE (5): Untranslated message within 'en': Answers
2010-09-14T05:50:31+00:00 NOTICE (5): Untranslated message within 'en': Profile Answers
2010-09-14T05:50:31+00:00 NOTICE (5): Untranslated message within 'en': Event Profile Options
2010-09-14T05:50:31+00:00 NOTICE (5): Untranslated message within 'en': Recipes
2010-09-14T05:50:31+00:00 NOTICE (5): Untranslated message within 'en': Profile Recipes
2010-09-14T05:50:31+00:00 NOTICE (5): Untranslated message within 'en': Todays Recipe
2010-09-14T05:50:31+00:00 NOTICE (5): Untranslated message within 'en': Widgets
2010-09-14T05:50:31+00:00 NOTICE (5): Untranslated message within 'en': RSS
2010-09-14T05:50:31+00:00 NOTICE (5): Untranslated message within 'en': Weather
2010-09-14T05:50:32+00:00 NOTICE (5): Untranslated message within 'en': Answers
2010-09-14T05:50:32+00:00 NOTICE (5): Untranslated message within 'en': Contests
2010-09-14T05:50:32+00:00 NOTICE (5): Untranslated message within 'en': Recipes
2010-09-14T05:50:36+00:00 NOTICE (5): Untranslated message within 'en': Changing to this layout will cause %s area(s) containing widgets to be destroyed. Are you sure you want to continue?
2010-09-14T05:50:36+00:00 NOTICE (5): Untranslated message within 'en': Are you sure you want to delete this page?
2010-09-14T05:50:36+00:00 NOTICE (5): Untranslated message within 'en': Answers
2010-09-14T05:50:36+00:00 NOTICE (5): Untranslated message within 'en': Profile Answers
2010-09-14T05:50:36+00:00 NOTICE (5): Untranslated message within 'en': Event Profile Options
2010-09-14T05:50:36+00:00 NOTICE (5): Untranslated message within 'en': Recipes
2010-09-14T05:50:36+00:00 NOTICE (5): Untranslated message within 'en': Profile Recipes
2010-09-14T05:50:36+00:00 NOTICE (5): Untranslated message within 'en': Todays Recipe
2010-09-14T05:50:36+00:00 NOTICE (5): Untranslated message within 'en': Widgets
2010-09-14T05:50:36+00:00 NOTICE (5): Untranslated message within 'en': RSS
2010-09-14T05:50:36+00:00 NOTICE (5): Untranslated message within 'en': Weather
2010-09-14T05:50:36+00:00 NOTICE (5): Untranslated message within 'en': Answers
2010-09-14T05:50:36+00:00 NOTICE (5): Untranslated message within 'en': Contests
2010-09-14T05:50:36+00:00 NOTICE (5): Untranslated message within 'en': Recipes
2010-09-14T05:50:40+00:00 NOTICE (5): Untranslated message within 'en': Text-only (No logo)
2010-09-14T05:50:40+00:00 NOTICE (5): Untranslated message within 'en': logo_new.gif
2010-09-14T05:50:40+00:00 NOTICE (5): Untranslated message within 'en': Text-only (No logo)
2010-09-14T05:50:40+00:00 NOTICE (5): Untranslated message within 'en': logo_new.gif
2010-09-14T05:50:40+00:00 NOTICE (5): Untranslated message within 'en': Shows your site-wide main logo or title.  IIImages are uploaded via the File Media Manager.
2010-09-14T05:50:45+00:00 NOTICE (5): Untranslated message within 'en': Text-only (No logo)
2010-09-14T05:50:45+00:00 NOTICE (5): Untranslated message within 'en': logo_new.gif
2010-09-14T05:50:45+00:00 NOTICE (5): Untranslated message within 'en': Text-only (No logo)
2010-09-14T05:50:45+00:00 NOTICE (5): Untranslated message within 'en': logo_new.gif
2010-09-14T05:50:45+00:00 NOTICE (5): Untranslated message within 'en': Answers
2010-09-14T05:50:45+00:00 NOTICE (5): Untranslated message within 'en': Contests
2010-09-14T05:50:45+00:00 NOTICE (5): Untranslated message within 'en': Recipes
2010-09-14T05:50:52+00:00 NOTICE (5): Untranslated message within 'en': Changing to this layout will cause %s area(s) containing widgets to be destroyed. Are you sure you want to continue?
2010-09-14T05:50:52+00:00 NOTICE (5): Untranslated message within 'en': Are you sure you want to delete this page?
2010-09-14T05:50:52+00:00 NOTICE (5): Untranslated message within 'en': Answers
2010-09-14T05:50:52+00:00 NOTICE (5): Untranslated message within 'en': Profile Answers
2010-09-14T05:50:52+00:00 NOTICE (5): Untranslated message within 'en': Event Profile Options
2010-09-14T05:50:52+00:00 NOTICE (5): Untranslated message within 'en': Recipes
2010-09-14T05:50:52+00:00 NOTICE (5): Untranslated message within 'en': Profile Recipes
2010-09-14T05:50:52+00:00 NOTICE (5): Untranslated message within 'en': Todays Recipe
2010-09-14T05:50:52+00:00 NOTICE (5): Untranslated message within 'en': Widgets
2010-09-14T05:50:52+00:00 NOTICE (5): Untranslated message within 'en': RSS
2010-09-14T05:50:52+00:00 NOTICE (5): Untranslated message within 'en': Weather
2010-09-14T05:50:53+00:00 NOTICE (5): Untranslated message within 'en': Answers
2010-09-14T05:50:53+00:00 NOTICE (5): Untranslated message within 'en': Contests
2010-09-14T05:50:53+00:00 NOTICE (5): Untranslated message within 'en': Recipes
2010-09-14T05:50:54+00:00 NOTICE (5): Untranslated message within 'en': 1 Member Online
2010-09-14T05:50:55+00:00 NOTICE (5): Untranslated message within 'en': Contests
2010-09-14T05:50:55+00:00 NOTICE (5): Untranslated message within 'en': Answers
2010-09-14T05:50:55+00:00 NOTICE (5): Untranslated message within 'en': Mom Opinions
2010-09-14T05:50:55+00:00 NOTICE (5): Untranslated message within 'en': Recipes
2010-09-14T05:51:05+00:00 NOTICE (5): Untranslated message within 'en': Answers
2010-09-14T05:51:05+00:00 NOTICE (5): Untranslated message within 'en': Contests
2010-09-14T05:51:05+00:00 NOTICE (5): Untranslated message within 'en': Recipes
2010-09-14T05:51:08+00:00 NOTICE (5): Untranslated message within 'en': &nbsp;
2010-09-14T05:51:09+00:00 NOTICE (5): Untranslated message within 'en': Answers
2010-09-14T05:51:09+00:00 NOTICE (5): Untranslated message within 'en': Contests
2010-09-14T05:51:09+00:00 NOTICE (5): Untranslated message within 'en': Recipes
2010-09-14T05:51:22+00:00 NOTICE (5): Untranslated message within 'en': Editing Ad Campaign: 
2010-09-14T05:51:22+00:00 NOTICE (5): Untranslated message within 'en': Answers
2010-09-14T05:51:22+00:00 NOTICE (5): Untranslated message within 'en': Contests
2010-09-14T05:51:22+00:00 NOTICE (5): Untranslated message within 'en': Recipes
2010-09-14T05:51:25+00:00 NOTICE (5): Untranslated message within 'en': Editing Ad Campaign: 
2010-09-14T05:51:25+00:00 NOTICE (5): Untranslated message within 'en': Answers
2010-09-14T05:51:25+00:00 NOTICE (5): Untranslated message within 'en': Contests
2010-09-14T05:51:25+00:00 NOTICE (5): Untranslated message within 'en': Recipes
2010-09-14T05:51:58+00:00 NOTICE (5): Untranslated message within 'en': 1 Member Online
2010-09-14T05:51:59+00:00 NOTICE (5): Untranslated message within 'en': Contests
2010-09-14T05:51:59+00:00 NOTICE (5): Untranslated message within 'en': Answers
2010-09-14T05:51:59+00:00 NOTICE (5): Untranslated message within 'en': Mom Opinions
2010-09-14T05:51:59+00:00 NOTICE (5): Untranslated message within 'en': Recipes
2010-09-14T05:52:04+00:00 NOTICE (5): Untranslated message within 'en': Editing Ad Campaign: 
2010-09-14T05:52:04+00:00 NOTICE (5): Untranslated message within 'en': Answers
2010-09-14T05:52:04+00:00 NOTICE (5): Untranslated message within 'en': Contests
2010-09-14T05:52:04+00:00 NOTICE (5): Untranslated message within 'en': Recipes
2010-09-14T05:52:08+00:00 NOTICE (5): Untranslated message within 'en': 1 Member Online
2010-09-14T05:52:08+00:00 NOTICE (5): Untranslated message within 'en': Contests
2010-09-14T05:52:08+00:00 NOTICE (5): Untranslated message within 'en': Answers
2010-09-14T05:52:08+00:00 NOTICE (5): Untranslated message within 'en': Mom Opinions
2010-09-14T05:52:08+00:00 NOTICE (5): Untranslated message within 'en': Recipes
2010-09-14T05:52:17+00:00 NOTICE (5): Untranslated message within 'en': 1 Member Online
2010-09-14T05:52:18+00:00 NOTICE (5): Untranslated message within 'en': Contests
2010-09-14T05:52:18+00:00 NOTICE (5): Untranslated message within 'en': Answers
2010-09-14T05:52:18+00:00 NOTICE (5): Untranslated message within 'en': Mom Opinions
2010-09-14T05:52:18+00:00 NOTICE (5): Untranslated message within 'en': Recipes
2010-09-14T05:52:24+00:00 NOTICE (5): Untranslated message within 'en': Changing to this layout will cause %s area(s) containing widgets to be destroyed. Are you sure you want to continue?
2010-09-14T05:52:24+00:00 NOTICE (5): Untranslated message within 'en': Are you sure you want to delete this page?
2010-09-14T05:52:24+00:00 NOTICE (5): Untranslated message within 'en': Answers
2010-09-14T05:52:24+00:00 NOTICE (5): Untranslated message within 'en': Profile Answers
2010-09-14T05:52:24+00:00 NOTICE (5): Untranslated message within 'en': Event Profile Options
2010-09-14T05:52:24+00:00 NOTICE (5): Untranslated message within 'en': Recipes
2010-09-14T05:52:24+00:00 NOTICE (5): Untranslated message within 'en': Profile Recipes
2010-09-14T05:52:24+00:00 NOTICE (5): Untranslated message within 'en': Todays Recipe
2010-09-14T05:52:24+00:00 NOTICE (5): Untranslated message within 'en': Widgets
2010-09-14T05:52:24+00:00 NOTICE (5): Untranslated message within 'en': RSS
2010-09-14T05:52:24+00:00 NOTICE (5): Untranslated message within 'en': Weather
2010-09-14T05:52:25+00:00 NOTICE (5): Untranslated message within 'en': Answers
2010-09-14T05:52:25+00:00 NOTICE (5): Untranslated message within 'en': Contests
2010-09-14T05:52:25+00:00 NOTICE (5): Untranslated message within 'en': Recipes
2010-09-14T05:52:29+00:00 NOTICE (5): Untranslated message within 'en': Changing to this layout will cause %s area(s) containing widgets to be destroyed. Are you sure you want to continue?
2010-09-14T05:52:29+00:00 NOTICE (5): Untranslated message within 'en': Are you sure you want to delete this page?
2010-09-14T05:52:29+00:00 NOTICE (5): Untranslated message within 'en': Answers
2010-09-14T05:52:29+00:00 NOTICE (5): Untranslated message within 'en': Profile Answers
2010-09-14T05:52:29+00:00 NOTICE (5): Untranslated message within 'en': Event Profile Options
2010-09-14T05:52:29+00:00 NOTICE (5): Untranslated message within 'en': Recipes
2010-09-14T05:52:29+00:00 NOTICE (5): Untranslated message within 'en': Profile Recipes
2010-09-14T05:52:29+00:00 NOTICE (5): Untranslated message within 'en': Todays Recipe
2010-09-14T05:52:29+00:00 NOTICE (5): Untranslated message within 'en': Widgets
2010-09-14T05:52:29+00:00 NOTICE (5): Untranslated message within 'en': RSS
2010-09-14T05:52:29+00:00 NOTICE (5): Untranslated message within 'en': Weather
2010-09-14T05:52:29+00:00 NOTICE (5): Untranslated message within 'en': Answers
2010-09-14T05:52:29+00:00 NOTICE (5): Untranslated message within 'en': Contests
2010-09-14T05:52:29+00:00 NOTICE (5): Untranslated message within 'en': Recipes
2010-09-14T05:52:37+00:00 NOTICE (5): Untranslated message within 'en': Changing to this layout will cause %s area(s) containing widgets to be destroyed. Are you sure you want to continue?
2010-09-14T05:52:37+00:00 NOTICE (5): Untranslated message within 'en': Are you sure you want to delete this page?
2010-09-14T05:52:37+00:00 NOTICE (5): Untranslated message within 'en': Answers
2010-09-14T05:52:37+00:00 NOTICE (5): Untranslated message within 'en': Profile Answers
2010-09-14T05:52:37+00:00 NOTICE (5): Untranslated message within 'en': Event Profile Options
2010-09-14T05:52:37+00:00 NOTICE (5): Untranslated message within 'en': Recipes
2010-09-14T05:52:37+00:00 NOTICE (5): Untranslated message within 'en': Profile Recipes
2010-09-14T05:52:37+00:00 NOTICE (5): Untranslated message within 'en': Todays Recipe
2010-09-14T05:52:37+00:00 NOTICE (5): Untranslated message within 'en': Widgets
2010-09-14T05:52:37+00:00 NOTICE (5): Untranslated message within 'en': RSS
2010-09-14T05:52:37+00:00 NOTICE (5): Untranslated message within 'en': Weather
2010-09-14T05:52:37+00:00 NOTICE (5): Untranslated message within 'en': Answers
2010-09-14T05:52:37+00:00 NOTICE (5): Untranslated message within 'en': Contests
2010-09-14T05:52:37+00:00 NOTICE (5): Untranslated message within 'en': Recipes
2010-09-14T05:52:43+00:00 NOTICE (5): Untranslated message within 'en': Changing to this layout will cause %s area(s) containing widgets to be destroyed. Are you sure you want to continue?
2010-09-14T05:52:43+00:00 NOTICE (5): Untranslated message within 'en': Are you sure you want to delete this page?
2010-09-14T05:52:43+00:00 NOTICE (5): Untranslated message within 'en': Answers
2010-09-14T05:52:43+00:00 NOTICE (5): Untranslated message within 'en': Profile Answers
2010-09-14T05:52:43+00:00 NOTICE (5): Untranslated message within 'en': Event Profile Options
2010-09-14T05:52:43+00:00 NOTICE (5): Untranslated message within 'en': Recipes
2010-09-14T05:52:43+00:00 NOTICE (5): Untranslated message within 'en': Profile Recipes
2010-09-14T05:52:43+00:00 NOTICE (5): Untranslated message within 'en': Todays Recipe
2010-09-14T05:52:43+00:00 NOTICE (5): Untranslated message within 'en': Widgets
2010-09-14T05:52:43+00:00 NOTICE (5): Untranslated message within 'en': RSS
2010-09-14T05:52:43+00:00 NOTICE (5): Untranslated message within 'en': Weather
2010-09-14T05:52:43+00:00 NOTICE (5): Untranslated message within 'en': Answers
2010-09-14T05:52:43+00:00 NOTICE (5): Untranslated message within 'en': Contests
2010-09-14T05:52:43+00:00 NOTICE (5): Untranslated message within 'en': Recipes
2010-09-14T05:52:50+00:00 NOTICE (5): Untranslated message within 'en': Changing to this layout will cause %s area(s) containing widgets to be destroyed. Are you sure you want to continue?
2010-09-14T05:52:50+00:00 NOTICE (5): Untranslated message within 'en': Are you sure you want to delete this page?
2010-09-14T05:52:50+00:00 NOTICE (5): Untranslated message within 'en': Answers
2010-09-14T05:52:50+00:00 NOTICE (5): Untranslated message within 'en': Profile Answers
2010-09-14T05:52:50+00:00 NOTICE (5): Untranslated message within 'en': Event Profile Options
2010-09-14T05:52:50+00:00 NOTICE (5): Untranslated message within 'en': Recipes
2010-09-14T05:52:50+00:00 NOTICE (5): Untranslated message within 'en': Profile Recipes
2010-09-14T05:52:50+00:00 NOTICE (5): Untranslated message within 'en': Todays Recipe
2010-09-14T05:52:50+00:00 NOTICE (5): Untranslated message within 'en': Widgets
2010-09-14T05:52:50+00:00 NOTICE (5): Untranslated message within 'en': RSS
2010-09-14T05:52:50+00:00 NOTICE (5): Untranslated message within 'en': Weather
2010-09-14T05:52:50+00:00 NOTICE (5): Untranslated message within 'en': Answers
2010-09-14T05:52:50+00:00 NOTICE (5): Untranslated message within 'en': Contests
2010-09-14T05:52:50+00:00 NOTICE (5): Untranslated message within 'en': Recipes
2010-09-14T05:52:56+00:00 NOTICE (5): Untranslated message within 'en': Top Ads
2010-09-14T05:52:56+00:00 NOTICE (5): Untranslated message within 'en': Top Ads
2010-09-14T05:52:56+00:00 NOTICE (5): Untranslated message within 'en': Please choose an advertisement campaign.
2010-09-14T05:53:04+00:00 NOTICE (5): Untranslated message within 'en': Top Ads
2010-09-14T05:53:04+00:00 NOTICE (5): Untranslated message within 'en': Top Ads
2010-09-14T05:53:04+00:00 NOTICE (5): Untranslated message within 'en': Answers
2010-09-14T05:53:04+00:00 NOTICE (5): Untranslated message within 'en': Contests
2010-09-14T05:53:04+00:00 NOTICE (5): Untranslated message within 'en': Recipes
2010-09-14T05:53:11+00:00 NOTICE (5): Untranslated message within 'en': 1 Member Online
2010-09-14T05:53:11+00:00 NOTICE (5): Untranslated message within 'en': Top Ads
2010-09-14T05:53:11+00:00 NOTICE (5): Untranslated message within 'en': Contests
2010-09-14T05:53:11+00:00 NOTICE (5): Untranslated message within 'en': Answers
2010-09-14T05:53:11+00:00 NOTICE (5): Untranslated message within 'en': Mom Opinions
2010-09-14T05:53:11+00:00 NOTICE (5): Untranslated message within 'en': Recipes
2010-09-14T05:53:18+00:00 NOTICE (5): Untranslated message within 'en': Top Ads
2010-09-14T05:53:18+00:00 NOTICE (5): Untranslated message within 'en': Top Ads
2010-09-14T05:53:18+00:00 NOTICE (5): Untranslated message within 'en': Please choose an advertisement campaign.
2010-09-14T05:53:23+00:00 NOTICE (5): Untranslated message within 'en': Top Ads
2010-09-14T05:53:23+00:00 NOTICE (5): Untranslated message within 'en': Top Ads
2010-09-14T05:53:23+00:00 NOTICE (5): Untranslated message within 'en': Answers
2010-09-14T05:53:23+00:00 NOTICE (5): Untranslated message within 'en': Contests
2010-09-14T05:53:23+00:00 NOTICE (5): Untranslated message within 'en': Recipes
2010-09-14T05:53:30+00:00 NOTICE (5): Untranslated message within 'en': 1 Member Online
2010-09-14T05:53:30+00:00 NOTICE (5): Untranslated message within 'en': Contests
2010-09-14T05:53:30+00:00 NOTICE (5): Untranslated message within 'en': Answers
2010-09-14T05:53:30+00:00 NOTICE (5): Untranslated message within 'en': Mom Opinions
2010-09-14T05:53:30+00:00 NOTICE (5): Untranslated message within 'en': Recipes
2010-09-14T05:53:55+00:00 NOTICE (5): Untranslated message within 'en': manage
2010-09-14T05:53:56+00:00 NOTICE (5): Untranslated message within 'en': Answers
2010-09-14T05:53:56+00:00 NOTICE (5): Untranslated message within 'en': Contests
2010-09-14T05:53:56+00:00 NOTICE (5): Untranslated message within 'en': Recipes
2010-09-14T05:54:03+00:00 NOTICE (5): Untranslated message within 'en': Editing Ad Campaign: 
2010-09-14T05:54:03+00:00 NOTICE (5): Untranslated message within 'en': &nbsp;
2010-09-14T05:54:03+00:00 NOTICE (5): Untranslated message within 'en': Answers
2010-09-14T05:54:03+00:00 NOTICE (5): Untranslated message within 'en': Contests
2010-09-14T05:54:03+00:00 NOTICE (5): Untranslated message within 'en': Recipes
2010-09-14T05:54:22+00:00 NOTICE (5): Untranslated message within 'en': Editing Ad Campaign: 
2010-09-14T05:54:22+00:00 NOTICE (5): Untranslated message within 'en': Answers
2010-09-14T05:54:22+00:00 NOTICE (5): Untranslated message within 'en': Contests
2010-09-14T05:54:22+00:00 NOTICE (5): Untranslated message within 'en': Recipes
2010-09-14T05:54:35+00:00 NOTICE (5): Untranslated message within 'en': Editing Ad Campaign: 
2010-09-14T05:54:35+00:00 NOTICE (5): Untranslated message within 'en': Answers
2010-09-14T05:54:35+00:00 NOTICE (5): Untranslated message within 'en': Contests
2010-09-14T05:54:35+00:00 NOTICE (5): Untranslated message within 'en': Recipes
2010-09-14T05:54:38+00:00 NOTICE (5): Untranslated message within 'en': 1 Member Online
2010-09-14T05:54:39+00:00 NOTICE (5): Untranslated message within 'en': Contests
2010-09-14T05:54:39+00:00 NOTICE (5): Untranslated message within 'en': Answers
2010-09-14T05:54:39+00:00 NOTICE (5): Untranslated message within 'en': Mom Opinions
2010-09-14T05:54:39+00:00 NOTICE (5): Untranslated message within 'en': Recipes
2010-09-14T05:54:43+00:00 NOTICE (5): Untranslated message within 'en': 1 Member Online
2010-09-14T05:54:44+00:00 NOTICE (5): Untranslated message within 'en': Contests
2010-09-14T05:54:44+00:00 NOTICE (5): Untranslated message within 'en': Answers
2010-09-14T05:54:44+00:00 NOTICE (5): Untranslated message within 'en': Mom Opinions
2010-09-14T05:54:44+00:00 NOTICE (5): Untranslated message within 'en': Recipes
2010-09-14T05:57:13+00:00 NOTICE (5): Untranslated message within 'en': 1 Member Online
2010-09-14T05:57:14+00:00 NOTICE (5): Untranslated message within 'en': Contests
2010-09-14T05:57:14+00:00 NOTICE (5): Untranslated message within 'en': Answers
2010-09-14T05:57:14+00:00 NOTICE (5): Untranslated message within 'en': Mom Opinions
2010-09-14T05:57:14+00:00 NOTICE (5): Untranslated message within 'en': Recipes
2010-09-14T05:59:29+00:00 NOTICE (5): Untranslated message within 'en': 1 Member Online
2010-09-14T05:59:29+00:00 NOTICE (5): Untranslated message within 'en': Contests
2010-09-14T05:59:29+00:00 NOTICE (5): Untranslated message within 'en': Answers
2010-09-14T05:59:29+00:00 NOTICE (5): Untranslated message within 'en': Mom Opinions
2010-09-14T05:59:29+00:00 NOTICE (5): Untranslated message within 'en': Recipes
2010-09-14T06:02:51+00:00 NOTICE (5): Untranslated message within 'en': &nbsp;
2010-09-14T06:02:51+00:00 NOTICE (5): Untranslated message within 'en': Contests
2010-09-14T06:02:51+00:00 NOTICE (5): Untranslated message within 'en': Answers
2010-09-14T06:02:51+00:00 NOTICE (5): Untranslated message within 'en': Mom Opinions
2010-09-14T06:02:51+00:00 NOTICE (5): Untranslated message within 'en': Recipes
