2010-10-29T11:51:06+00:00 NOTICE (5): Untranslated message within 'en': &nbsp;
2010-10-29T11:51:06+00:00 NOTICE (5): Untranslated message within 'en': If you already have an account, please enter your details below. If you don't have one yet, please <a href='/signup'>sign up</a> first.
2010-10-29T11:57:50+00:00 NOTICE (5): Untranslated message within 'en': 1 Member Online
2010-10-29T11:57:50+00:00 NOTICE (5): Untranslated message within 'en': Member Home Page
2010-10-29T11:57:50+00:00 NOTICE (5): Untranslated message within 'en': This is the home page for members.
2010-10-29T12:00:54+00:00 NOTICE (5): Untranslated message within 'en': 1 Member Online
2010-10-29T12:00:54+00:00 NOTICE (5): Untranslated message within 'en': Member Home Page
2010-10-29T12:00:54+00:00 NOTICE (5): Untranslated message within 'en': This is the home page for members.
2010-10-29T12:01:11+00:00 NOTICE (5): Untranslated message within 'en': Only Classifieds With Photos
2010-10-29T12:01:18+00:00 NOTICE (5): Untranslated message within 'en': Only Classifieds With Photos
2010-10-29T12:01:21+00:00 NOTICE (5): Untranslated message within 'en': US Dollar
2010-10-30T07:34:18+00:00 NOTICE (5): Untranslated message within 'en': &nbsp;
2010-10-30T07:34:18+00:00 NOTICE (5): Untranslated message within 'en': If you already have an account, please enter your details below. If you don't have one yet, please <a href='/signup'>sign up</a> first.
2010-10-30T07:37:31+00:00 NOTICE (5): Untranslated message within 'en': 1 Member Online
2010-10-30T07:37:31+00:00 NOTICE (5): Untranslated message within 'en': Member Home Page
2010-10-30T07:37:31+00:00 NOTICE (5): Untranslated message within 'en': This is the home page for members.
2010-10-30T07:37:49+00:00 NOTICE (5): Untranslated message within 'en': &nbsp;
2010-10-30T07:37:49+00:00 NOTICE (5): Untranslated message within 'en': Home Page
2010-10-30T07:37:49+00:00 NOTICE (5): Untranslated message within 'en': This is the home page.
2010-10-30T07:37:59+00:00 NOTICE (5): Untranslated message within 'en': &nbsp;
2010-10-30T07:38:00+00:00 NOTICE (5): Untranslated message within 'en': Home Page
2010-10-30T07:38:00+00:00 NOTICE (5): Untranslated message within 'en': This is the home page.
2010-10-30T07:44:42+00:00 NOTICE (5): Untranslated message within 'en': &nbsp;
2010-10-30T07:44:43+00:00 NOTICE (5): Untranslated message within 'en': Home Page
2010-10-30T07:44:43+00:00 NOTICE (5): Untranslated message within 'en': This is the home page.
2010-10-30T07:45:29+00:00 NOTICE (5): Untranslated message within 'en': &nbsp;
2010-10-30T07:45:29+00:00 NOTICE (5): Untranslated message within 'en': Home Page
2010-10-30T07:45:29+00:00 NOTICE (5): Untranslated message within 'en': This is the home page.
2010-10-30T07:45:41+00:00 NOTICE (5): Untranslated message within 'en': &nbsp;
2010-10-30T07:45:41+00:00 NOTICE (5): Untranslated message within 'en': Home Page
2010-10-30T07:45:41+00:00 NOTICE (5): Untranslated message within 'en': This is the home page.
2010-10-30T07:46:13+00:00 NOTICE (5): Untranslated message within 'en': &nbsp;
2010-10-30T07:46:14+00:00 NOTICE (5): Untranslated message within 'en': Home Page
2010-10-30T07:46:14+00:00 NOTICE (5): Untranslated message within 'en': This is the home page.
2010-10-30T07:46:18+00:00 NOTICE (5): Untranslated message within 'en': &nbsp;
2010-10-30T07:46:18+00:00 NOTICE (5): Untranslated message within 'en': Home Page
2010-10-30T07:46:18+00:00 NOTICE (5): Untranslated message within 'en': This is the home page.
2010-10-30T07:46:23+00:00 NOTICE (5): Untranslated message within 'en': &nbsp;
2010-10-30T07:46:23+00:00 NOTICE (5): Untranslated message within 'en': Home Page
2010-10-30T07:46:23+00:00 NOTICE (5): Untranslated message within 'en': This is the home page.
2010-10-30T07:47:15+00:00 NOTICE (5): Untranslated message within 'en': &nbsp;
2010-10-30T07:47:15+00:00 NOTICE (5): Untranslated message within 'en': Home Page
2010-10-30T07:47:15+00:00 NOTICE (5): Untranslated message within 'en': This is the home page.
2010-10-30T07:47:29+00:00 NOTICE (5): Untranslated message within 'en': &nbsp;
2010-10-30T07:47:30+00:00 NOTICE (5): Untranslated message within 'en': Home Page
2010-10-30T07:47:30+00:00 NOTICE (5): Untranslated message within 'en': This is the home page.
2010-10-30T07:48:28+00:00 NOTICE (5): Untranslated message within 'en': &nbsp;
2010-10-30T07:48:28+00:00 NOTICE (5): Untranslated message within 'en': Home Page
2010-10-30T07:48:28+00:00 NOTICE (5): Untranslated message within 'en': This is the home page.
2010-10-30T07:48:29+00:00 NOTICE (5): Untranslated message within 'en': Momburbia TM C %s
2010-10-30T07:48:55+00:00 NOTICE (5): Untranslated message within 'en': &nbsp;
2010-10-30T07:48:55+00:00 NOTICE (5): Untranslated message within 'en': Home Page
2010-10-30T07:48:55+00:00 NOTICE (5): Untranslated message within 'en': This is the home page.
2010-10-30T07:48:55+00:00 NOTICE (5): Untranslated message within 'en': Momburbia TM C %s
2010-10-30T07:49:24+00:00 NOTICE (5): Untranslated message within 'en': Momburbia TM C %s
2010-10-30T07:50:01+00:00 NOTICE (5): Untranslated message within 'en': Momburbia TM C %s
2010-10-30T07:50:05+00:00 NOTICE (5): Untranslated message within 'en': &nbsp;
2010-10-30T07:50:05+00:00 NOTICE (5): Untranslated message within 'en': If you already have an account, please enter your details below. If you don't have one yet, please <a href='/signup'>sign up</a> first.
2010-10-30T07:50:05+00:00 NOTICE (5): Untranslated message within 'en': Momburbia TM C %s
2010-10-30T07:50:11+00:00 NOTICE (5): Untranslated message within 'en': &nbsp;
2010-10-30T07:50:11+00:00 NOTICE (5): Untranslated message within 'en': If you already have an account, please enter your details below. If you don't have one yet, please <a href='/signup'>sign up</a> first.
2010-10-30T07:50:11+00:00 NOTICE (5): Untranslated message within 'en': Momburbia TM C %s
2010-10-30T07:50:22+00:00 NOTICE (5): Untranslated message within 'en': Momburbia TM C %s
2010-10-30T07:50:32+00:00 NOTICE (5): Untranslated message within 'en': The file '%value%' was not uploaded
2010-10-30T07:50:32+00:00 NOTICE (5): Untranslated message within 'en': fileUploadErrorNoFile
2010-10-30T07:50:34+00:00 NOTICE (5): Untranslated message within 'en': Group Profile
2010-10-30T07:50:34+00:00 NOTICE (5): Untranslated message within 'en': This is the profile for an group.
2010-10-30T07:50:34+00:00 NOTICE (5): Untranslated message within 'en': Momburbia TM C %s
2010-10-30T07:50:48+00:00 NOTICE (5): Untranslated message within 'en': &nbsp;
2010-10-30T07:50:48+00:00 NOTICE (5): Untranslated message within 'en': admin
2010-10-30T07:50:48+00:00 NOTICE (5): Untranslated message within 'en': Home Page
2010-10-30T07:50:48+00:00 NOTICE (5): Untranslated message within 'en': This is the home page.
2010-10-30T07:50:49+00:00 NOTICE (5): Untranslated message within 'en': Momburbia TM C %s
